\BOOKMARK [1][-]{section.1}{\376\377\145\271\172\013\143\317\217\360}{}% 1
\BOOKMARK [1][-]{section.2}{\376\377\210\150\227\142\142\151\145\143\155\101\140\047\215\050\143\317\217\360}{}% 2
\BOOKMARK [2][-]{subsection.2.1}{\376\377\211\343\166\204\133\130\127\050\140\047\116\016\125\057\116\000\140\047}{section.2}% 3
\BOOKMARK [2][-]{subsection.2.2}{\376\377\227\142\171\357\117\335\143\001\116\016\137\047\225\177\145\066\177\051}{section.2}% 4
\BOOKMARK [2][-]{subsection.2.3}{\376\377\210\150\227\142\142\151\145\143\155\101\166\204\121\166\133\203\140\047\215\050}{section.2}% 5
\BOOKMARK [1][-]{section.3}{\376\377\171\273\145\143\150\074\137\017\213\276\213\241}{}% 6
\BOOKMARK [2][-]{subsection.3.1}{\376\377\172\172\225\364\171\273\145\143\150\074\137\017}{section.3}% 7
\BOOKMARK [2][-]{subsection.3.2}{\376\377\145\366\225\364\171\357\122\006\145\271\154\325}{section.3}% 8
\BOOKMARK [1][-]{section.4}{\376\377\213\357\135\356\122\006\147\220}{}% 9
\BOOKMARK [2][-]{subsection.4.1}{\376\377\127\372\147\054\151\202\137\365}{section.4}% 10
\BOOKMARK [2][-]{subsection.4.2}{\376\377\213\357\135\356\122\006\211\343}{section.4}% 11
\BOOKMARK [2][-]{subsection.4.3}{\376\377\210\150\171\072\213\357\135\356\000E\000R\000E\000P}{section.4}% 12
\BOOKMARK [2][-]{subsection.4.4}{\376\377\146\040\134\004\213\357\135\356\000E\000M\000A\000P}{section.4}% 13
\BOOKMARK [3][-]{subsubsection.4.4.1}{\376\377\145\366\225\364\171\357\122\006\213\357\135\356}{subsection.4.4}% 14
\BOOKMARK [3][-]{subsubsection.4.4.2}{\376\377\172\172\225\364\171\273\145\143\213\357\135\356}{subsection.4.4}% 15
\BOOKMARK [2][-]{subsection.4.5}{\376\377\230\204\131\004\164\006\213\357\135\356\000E\000A\000U\000G\124\214\124\016\131\004\164\006\213\357\135\356\000\040\000E\000A\000D\000J}{section.4}% 16
\BOOKMARK [2][-]{subsection.4.6}{\376\377\176\323\213\272}{section.4}% 17
\BOOKMARK [1][-]{section.5}{\376\377\172\063\133\232\140\047\122\006\147\220}{}% 18
\BOOKMARK [2][-]{subsection.5.1}{\376\377\226\305\123\357\153\324\167\351\226\065\000J\000b\000o\000l\000d\0000\000m\000u\000\040\000m\000u\000m\000u\000\040\000f\000f\000f\000f\000f\000f\000b\000a\000r\000s\213\241\173\227}{section.5}% 19
\BOOKMARK [2][-]{subsection.5.2}{\376\377\172\063\133\232\140\047\122\006\147\220\176\323\213\272}{section.5}% 20
